<?xml version="1.0" encoding="UTF-8"?>
<!-- Generated by org.testng.reporters.JUnitReportReporter -->
<testsuite hostname="DESKTOP-EG6HAFJ" failures="0" tests="1" name="com.gis.Testcaselogin" time="54.721" errors="0" timestamp="2022-10-13T12:01:22 IST" skipped="0">
  <testcase classname="com.gis.Testcaselogin" name="logintest" time="54.721"/>
  <system-out/>
</testsuite> <!-- com.gis.Testcaselogin -->
