<?xml version="1.0" encoding="UTF-8"?>
<!-- Generated by org.testng.reporters.JUnitReportReporter -->
<testsuite hostname="DESKTOP-EG6HAFJ" failures="0" tests="2" name="com.gis.ActivplantTest" time="0.069" errors="0" timestamp="2022-10-06T17:43:14 IST" skipped="0">
  <testcase classname="com.gis.ActivplantTest" name="testlogin1" time="0.066"/>
  <system-out/>
  <testcase classname="com.gis.ActivplantTest" name="testlogin2" time="0.003"/>
  <system-out/>
</testsuite> <!-- com.gis.ActivplantTest -->
