<?xml version="1.0" encoding="UTF-8"?>
<!-- Generated by org.testng.reporters.JUnitReportReporter -->
<testsuite hostname="DESKTOP-EG6HAFJ" failures="0" tests="4" name="testcase.TestUserRole" time="188.373" errors="0" timestamp="2022-10-11T13:28:46 IST" skipped="0">
  <testcase classname="testcase.TestUserRole" name="ReportViewer" time="69.316"/>
  <system-out/>
  <testcase classname="testcase.TestUserRole" name="RootCase" time="33.387"/>
  <system-out/>
  <testcase classname="testcase.TestUserRole" name="MILogin" time="37.900"/>
  <system-out/>
  <testcase classname="testcase.TestUserRole" name="ManualDataEntry" time="47.770"/>
  <system-out/>
</testsuite> <!-- testcase.TestUserRole -->
